app/build/intermediates/manifest_merge_blame_file/debug/manifest-merger-blame-debug-report.txt
1<?xml version="1.0" encoding="utf-8"?>
2<manifest xmlns:android="http://schemas.android.com/apk/res/android"
3    package="jp.co.panasonic.pstc.ocr.android.card.app"
4    android:versionCode="1"
5    android:versionName="1.0" >
6
7    <uses-sdk
8        android:minSdkVersion="10"
8-->src\main\AndroidManifest.xml
9        android:targetSdkVersion="28" />
9-->src\main\AndroidManifest.xml
10
11    <uses-permission android:name="android.permission.CAMERA" />
11-->src\main\AndroidManifest.xml:7:5-65
11-->src\main\AndroidManifest.xml:7:22-62
12    <uses-permission android:name="android.permission.WRITE_EXTERNAL_STORAGE" />
12-->src\main\AndroidManifest.xml:8:5-81
12-->src\main\AndroidManifest.xml:8:22-78
13
14    <uses-feature android:name="android.hardware.camera" />
14-->src\main\AndroidManifest.xml:9:5-60
14-->src\main\AndroidManifest.xml:9:19-57
15    <uses-feature android:name="android.hardware.camera.autofocus" />
15-->src\main\AndroidManifest.xml:10:5-70
15-->src\main\AndroidManifest.xml:10:19-67
16    <uses-feature android:name="android.hardware.camera.flash" />
16-->src\main\AndroidManifest.xml:11:5-66
16-->src\main\AndroidManifest.xml:11:19-63
17
18    <application
18-->src\main\AndroidManifest.xml:13:5-41:19
19        android:debuggable="true"
19-->src\main\AndroidManifest.xml:13:47-72
20        android:icon="@drawable/ocr"
20-->src\main\AndroidManifest.xml:13:18-46
21        android:label="@string/app_name"
21-->src\main\AndroidManifest.xml:13:73-105
22        android:testOnly="true" >
23
24        <!-- メインアクティビティ -->
25        <activity
25-->src\main\AndroidManifest.xml:16:9-22:20
26            android:name="jp.co.panasonic.pstc.ocr.android.card.app.MainActivity"
26-->src\main\AndroidManifest.xml:16:19-47
27            android:label="@string/app_name" >
27-->src\main\AndroidManifest.xml:17:19-51
28            <intent-filter>
28-->src\main\AndroidManifest.xml:18:13-21:29
29                <action android:name="android.intent.action.MAIN" />
29-->src\main\AndroidManifest.xml:19:17-69
29-->src\main\AndroidManifest.xml:19:25-66
30
31                <category android:name="android.intent.category.LAUNCHER" />
31-->src\main\AndroidManifest.xml:20:17-77
31-->src\main\AndroidManifest.xml:20:27-74
32            </intent-filter>
33        </activity>
34
35        <!-- カメラアクティビティ -->
36        <activity
36-->src\main\AndroidManifest.xml:25:3-27:20
37            android:name="jp.co.panasonic.pstc.ocr.android.card.app.camera.CameraActivity"
37-->src\main\AndroidManifest.xml:25:13-50
38            android:screenOrientation="landscape" >
38-->src\main\AndroidManifest.xml:25:51-88
39        </activity>
40
41        <!-- カメラ撮影画像プレビューアクティビティ -->
42        <activity
42-->src\main\AndroidManifest.xml:30:3-98
43            android:name="jp.co.panasonic.pstc.ocr.android.card.app.CameraPicturePreviewActivity"
43-->src\main\AndroidManifest.xml:30:13-57
44            android:screenOrientation="landscape" />
44-->src\main\AndroidManifest.xml:30:58-95
45
46        <!-- OCR認識結果表示アクティビティ -->
47        <activity android:name="jp.co.panasonic.pstc.ocr.android.card.app.ResultActivity" />
47-->src\main\AndroidManifest.xml:33:3-46
47-->src\main\AndroidManifest.xml:33:13-43
48
49        <!-- 設定アクティビティ -->
50        <activity android:name="jp.co.panasonic.pstc.ocr.android.card.app.SettingActivity" />
50-->src\main\AndroidManifest.xml:36:3-47
50-->src\main\AndroidManifest.xml:36:13-44
51
52        <!-- ヘルプアクティビティ -->
53        <activity android:name="jp.co.panasonic.pstc.ocr.android.card.app.HelpActivity" />
53-->src\main\AndroidManifest.xml:39:3-44
53-->src\main\AndroidManifest.xml:39:13-41
54    </application>
55
56</manifest>